n=7209
m=65520
Done generating easy graph!
running sequential push relabel
Push counts: 82693
Relabel counts: 23267
Discharge counts first: 75687 second: 1697
flow is valid: 1055
0.0183915 seconds in total
n=27716
m=259766
Done generating easy graph!
running sequential push relabel
Push counts: 402451
Relabel counts: 111801
Discharge counts first: 382340 second: 1573
flow is valid: 2313
0.115626 seconds in total
n=64768
m=614784
Done generating easy graph!
running sequential push relabel
Push counts: 1080999
Relabel counts: 292645
Discharge counts first: 1039807 second: 3363
flow is valid: 3567
0.42034 seconds in total
n=127794
m=1223410
Done generating easy graph!
running sequential push relabel
Push counts: 2314342
Relabel counts: 611595
Discharge counts first: 2238484 second: 7196
flow is valid: 5116
1.0374 seconds in total
n=225060
m=2167792
Done generating easy graph!
running sequential push relabel
Push counts: 4675163
Relabel counts: 1314022
Discharge counts first: 4524771 second: 27199
flow is valid: 6967
2.27013 seconds in total
n=337536
m=3261696
Done generating easy graph!
running sequential push relabel
Push counts: 6959946
Relabel counts: 1876206
Discharge counts first: 6753278 second: 46958
flow is valid: 8213
3.55971 seconds in total
n=521964
m=5063526
Done generating easy graph!
running sequential push relabel
Push counts: 12473969
Relabel counts: 3476200
Discharge counts first: 12164797 second: 66080
flow is valid: 10641
6.66573 seconds in total
n=718214
m=6982330
Done generating easy graph!
running sequential push relabel
Push counts: 17621952
Relabel counts: 5166110
Discharge counts first: 17237184 second: 81023
flow is valid: 12249
9.5669 seconds in total
n=1024000
m=9981952
Done generating easy graph!
running sequential push relabel
Push counts: 23211530
Relabel counts: 6091437
Discharge counts first: 22741373 second: 100710
flow is valid: 14788
13.3317 seconds in total
n=1334024
m=13024040
Done generating easy graph!
running sequential push relabel
Push counts: 32214175
Relabel counts: 8802348
Discharge counts first: 31683793 second: 64741
flow is valid: 16931
19.0884 seconds in total
