n=8000
m=76000
Done generating easy graph!
running sequential push relabel
Push counts: 200348
Relabel counts: 74713
Discharge counts first: 184003 second: 1584
flow is valid: 5922
0.0487036 seconds in total
n=27000
m=261000
Done generating easy graph!
running sequential push relabel
Push counts: 894627
Relabel counts: 337217
Discharge counts first: 837002 second: 2820
flow is valid: 13459
0.281736 seconds in total
n=64000
m=624000
Done generating easy graph!
running sequential push relabel
Push counts: 2136632
Relabel counts: 806901
Discharge counts first: 1995858 second: 14406
flow is valid: 24056
0.9282 seconds in total
n=125000
m=1225000
Done generating easy graph!
running sequential push relabel
Push counts: 4945458
Relabel counts: 1897471
Discharge counts first: 4704768 second: 5288
flow is valid: 37961
2.92138 seconds in total
n=216000
m=2124000
Done generating easy graph!
running sequential push relabel
Push counts: 8129337
Relabel counts: 3094604
Discharge counts first: 7718039 second: 31112
flow is valid: 54562
4.29436 seconds in total
n=343000
m=3381000
Done generating easy graph!
running sequential push relabel
Push counts: 17173103
Relabel counts: 6746408
Discharge counts first: 16229639 second: 205255
flow is valid: 74268
9.51369 seconds in total
n=512000
m=5056000
Done generating easy graph!
running sequential push relabel
Push counts: 25889292
Relabel counts: 10217324
Discharge counts first: 24856180 second: 39383
flow is valid: 97687
15.0939 seconds in total
n=729000
m=7209000
Done generating easy graph!
running sequential push relabel
Push counts: 43463958
Relabel counts: 17444403
Discharge counts first: 41934152 second: 22959
flow is valid: 123910
26.3485 seconds in total
n=1000000
m=9900000
Done generating easy graph!
running sequential push relabel
Push counts: 55809482
Relabel counts: 22057047
Discharge counts first: 53768721 second: 141874
flow is valid: 152879
35.245 seconds in total
n=1331000
m=13189000
Done generating easy graph!
running sequential push relabel
Push counts: 83642966
Relabel counts: 34358057
Discharge counts first: 80812438 second: 76406
flow is valid: 185394
55.3133 seconds in total
