n=7776
m=73440
Done generating easy graph!
running sequential push relabel
Push counts: 319495
Relabel counts: 99655
Discharge counts first: 295489 second: 1889
flow is valid: 19601
0.0713789 seconds in total
n=27848
m=267742
Done generating easy graph!
running sequential push relabel
Push counts: 1844009
Relabel counts: 575970
Discharge counts first: 1737854 second: 4371
flow is valid: 53407
0.550026 seconds in total
n=63504
m=614880
Done generating easy graph!
running sequential push relabel
Push counts: 5146396
Relabel counts: 1619954
Discharge counts first: 4898063 second: 2319
flow is valid: 107738
2.1406 seconds in total
n=118810
m=1155618
Done generating easy graph!
running sequential push relabel
Push counts: 12188712
Relabel counts: 4168042
Discharge counts first: 11560723 second: 26060
flow is valid: 182271
5.70811 seconds in total
n=221952
m=2169472
Done generating easy graph!
running sequential push relabel
Push counts: 27315470
Relabel counts: 9618542
Discharge counts first: 26022455 second: 57556
flow is valid: 284978
14.2965 seconds in total
n=349648
m=3425632
Done generating easy graph!
running sequential push relabel
Push counts: 48224982
Relabel counts: 16936232
Discharge counts first: 45967078 second: 91120
flow is valid: 415131
27.206 seconds in total
n=516096
m=5065728
Done generating easy graph!
running sequential push relabel
Push counts: 81992143
Relabel counts: 29670088
Discharge counts first: 77930513 second: 557717
flow is valid: 568603
48.9249 seconds in total
n=732615
m=7201948
Done generating easy graph!
running sequential push relabel
Push counts: 129219583
Relabel counts: 46633150
Discharge counts first: 123813193 second: 279225
flow is valid: 755534
81.6187 seconds in total
n=1008016
m=9922030
Done generating easy graph!
running sequential push relabel
Push counts: 189544510
Relabel counts: 69591490
Discharge counts first: 181704603 second: 173215
flow is valid: 972839
127.405 seconds in total
n=1351908
m=13321680
Done generating easy graph!
running sequential push relabel
